<?xml version="1.0" encoding="UTF-8"?>
<!-- Generated by org.testng.reporters.JUnitXMLReporter -->
<testsuite ignored="9" hostname="DESKTOP-UC8GQ4P" failures="0" tests="1" name="Default test" time="0.252" errors="0" timestamp="2023-12-05T07:52:13 IST">
  <testcase classname="Test_Cases.qalegend_Testcases" name="@BeforeMethod intialization" time="-1.701742933152E9">
    <failure type="org.testng.TestNGException" message="
Parameter &amp;apos;browser&amp;apos; is required by BeforeMethod on method intialization but has not been marked @Optional or defined
in C:\Users\HP\AppData\Local\Temp\testng-eclipse--9630835\testng-customsuite.xml">
      <![CDATA[org.testng.TestNGException: 
Parameter 'browser' is required by BeforeMethod on method intialization but has not been marked @Optional or defined
in C:\Users\HP\AppData\Local\Temp\testng-eclipse--9630835\testng-customsuite.xml
at org.testng.internal.Parameters.createParams(Parameters.java:267)
at org.testng.internal.Parameters.createParametersForMethod(Parameters.java:355)
at org.testng.internal.Parameters.createParameters(Parameters.java:684)
at org.testng.internal.Parameters.createConfigurationParameters(Parameters.java:166)
at org.testng.internal.invokers.ConfigInvoker.invokeConfigurations(ConfigInvoker.java:306)
at org.testng.internal.invokers.TestInvoker.runConfigMethods(TestInvoker.java:810)
at org.testng.internal.invokers.TestInvoker.invokeMethod(TestInvoker.java:577)
at org.testng.internal.invokers.TestInvoker.invokeTestMethod(TestInvoker.java:227)
at org.testng.internal.invokers.MethodRunner.runInSequence(MethodRunner.java:50)
at org.testng.internal.invokers.TestInvoker$MethodInvocationAgent.invoke(TestInvoker.java:957)
at org.testng.internal.invokers.TestInvoker.invokeTestMethods(TestInvoker.java:200)
at org.testng.internal.invokers.TestMethodWorker.invokeTestMethods(TestMethodWorker.java:148)
at org.testng.internal.invokers.TestMethodWorker.run(TestMethodWorker.java:128)
at java.base/java.util.ArrayList.forEach(ArrayList.java:1511)
at org.testng.TestRunner.privateRun(TestRunner.java:848)
at org.testng.TestRunner.run(TestRunner.java:621)
at org.testng.SuiteRunner.runTest(SuiteRunner.java:443)
at org.testng.SuiteRunner.runSequentially(SuiteRunner.java:437)
at org.testng.SuiteRunner.privateRun(SuiteRunner.java:397)
at org.testng.SuiteRunner.run(SuiteRunner.java:336)
at org.testng.SuiteRunnerWorker.runSuite(SuiteRunnerWorker.java:52)
at org.testng.SuiteRunnerWorker.run(SuiteRunnerWorker.java:95)
at org.testng.TestNG.runSuitesSequentially(TestNG.java:1280)
at org.testng.TestNG.runSuitesLocally(TestNG.java:1200)
at org.testng.TestNG.runSuites(TestNG.java:1114)
at org.testng.TestNG.run(TestNG.java:1082)
at org.testng.remote.AbstractRemoteTestNG.run(AbstractRemoteTestNG.java:115)
at org.testng.remote.RemoteTestNG.initAndRun(RemoteTestNG.java:251)
at org.testng.remote.RemoteTestNG.main(RemoteTestNG.java:77)
]]>
    </failure>
  </testcase> <!-- @BeforeMethod intialization -->
  <testcase classname="Test_Cases.qalegend_Testcases" name="tc06" time="0.0">
    <skipped/>
  </testcase> <!-- tc06 -->
  <testcase classname="Test_Cases.qalegend_Testcases" name="tc10" time="0.0">
    <ignored/>
  </testcase> <!-- tc10 -->
  <testcase classname="Test_Cases.qalegend_Testcases" name="tc01" time="0.0">
    <ignored/>
  </testcase> <!-- tc01 -->
  <testcase classname="Test_Cases.qalegend_Testcases" name="tc02" time="0.0">
    <ignored/>
  </testcase> <!-- tc02 -->
  <testcase classname="Test_Cases.qalegend_Testcases" name="tc07" time="0.0">
    <ignored/>
  </testcase> <!-- tc07 -->
  <testcase classname="Test_Cases.qalegend_Testcases" name="tc08" time="0.0">
    <ignored/>
  </testcase> <!-- tc08 -->
  <testcase classname="Test_Cases.qalegend_Testcases" name="tc09" time="0.0">
    <ignored/>
  </testcase> <!-- tc09 -->
  <testcase classname="Test_Cases.qalegend_Testcases" name="tc03" time="0.0">
    <ignored/>
  </testcase> <!-- tc03 -->
  <testcase classname="Test_Cases.qalegend_Testcases" name="tc04" time="0.0">
    <ignored/>
  </testcase> <!-- tc04 -->
  <testcase classname="Test_Cases.qalegend_Testcases" name="tc05" time="0.0">
    <ignored/>
  </testcase> <!-- tc05 -->
</testsuite> <!-- Default test -->
